[09-Apr-2025 15:34:54 Europe/Berlin] Listando todos los productos
[09-Apr-2025 15:34:54 Europe/Berlin] Número de productos encontrados: 7
[09-Apr-2025 15:35:09 Europe/Berlin] Listando todos los productos
[09-Apr-2025 15:35:09 Europe/Berlin] Número de productos encontrados: 7
[09-Apr-2025 15:35:12 Europe/Berlin] Listando todos los productos
[09-Apr-2025 15:35:12 Europe/Berlin] Número de productos encontrados: 7
[09-Apr-2025 15:46:37 Europe/Berlin] ID de categoría: 1
[09-Apr-2025 15:46:37 Europe/Berlin] Número de productos obtenidos: 1
[09-Apr-2025 15:50:28 Europe/Berlin] ID de producto: 1
[09-Apr-2025 15:50:28 Europe/Berlin] Producto obtenido con ID: 1
[09-Apr-2025 15:50:32 Europe/Berlin] ID de categoría: 1
[09-Apr-2025 15:50:32 Europe/Berlin] Número de productos obtenidos: 1
[09-Apr-2025 15:50:34 Europe/Berlin] Listando todos los productos
[09-Apr-2025 15:50:34 Europe/Berlin] Número de productos encontrados: 7
[09-Apr-2025 15:50:46 Europe/Berlin] Listando todos los productos
[09-Apr-2025 15:50:46 Europe/Berlin] Número de productos encontrados: 7
[09-Apr-2025 15:50:49 Europe/Berlin] Listando todos los productos
[09-Apr-2025 15:50:49 Europe/Berlin] Número de productos encontrados: 7
[09-Apr-2025 15:50:51 Europe/Berlin] Listando todos los productos
[09-Apr-2025 15:50:51 Europe/Berlin] Número de productos encontrados: 7
[09-Apr-2025 15:50:58 Europe/Berlin] Listando todos los productos
[09-Apr-2025 15:50:58 Europe/Berlin] Número de productos encontrados: 7
[09-Apr-2025 15:55:36 Europe/Berlin] Listando todos los productos
[09-Apr-2025 15:55:36 Europe/Berlin] Número de productos encontrados: 7
[09-Apr-2025 15:55:38 Europe/Berlin] ID de producto: 1
[09-Apr-2025 15:55:38 Europe/Berlin] Producto obtenido con ID: 1
[09-Apr-2025 15:55:41 Europe/Berlin] ID de producto: 4
[09-Apr-2025 15:55:41 Europe/Berlin] Producto obtenido con ID: 4
[09-Apr-2025 15:55:43 Europe/Berlin] ID de categoría: 2
[09-Apr-2025 15:55:43 Europe/Berlin] Número de productos obtenidos: 1
[09-Apr-2025 15:55:44 Europe/Berlin] ID de producto: 4
[09-Apr-2025 15:55:44 Europe/Berlin] Producto obtenido con ID: 4
[09-Apr-2025 15:56:49 Europe/Berlin] ID de categoría: 1
[09-Apr-2025 15:56:49 Europe/Berlin] Número de productos obtenidos: 1
[09-Apr-2025 15:56:51 Europe/Berlin] ID de producto: 1
[09-Apr-2025 15:56:51 Europe/Berlin] Producto obtenido con ID: 1
[09-Apr-2025 15:58:31 Europe/Berlin] Listando todos los productos
[09-Apr-2025 15:58:31 Europe/Berlin] Número de productos encontrados: 7
[09-Apr-2025 15:58:43 Europe/Berlin] ID de producto: 1
[09-Apr-2025 15:58:43 Europe/Berlin] Producto obtenido con ID: 1
[09-Apr-2025 16:01:54 Europe/Berlin] Listando todos los productos
[09-Apr-2025 16:01:54 Europe/Berlin] Número de productos encontrados: 7
[09-Apr-2025 16:01:58 Europe/Berlin] Listando todos los productos
[09-Apr-2025 16:01:58 Europe/Berlin] Número de productos encontrados: 7
[09-Apr-2025 16:02:06 Europe/Berlin] ID de categoría: 1
[09-Apr-2025 16:02:06 Europe/Berlin] Número de productos obtenidos: 1
[09-Apr-2025 16:02:07 Europe/Berlin] ID de producto: 1
[09-Apr-2025 16:02:07 Europe/Berlin] Producto obtenido con ID: 1
[09-Apr-2025 16:02:10 Europe/Berlin] ID de categoría: 1
[09-Apr-2025 16:02:10 Europe/Berlin] Número de productos obtenidos: 1
[09-Apr-2025 16:08:53 Europe/Berlin] ID de categoría: 1
[09-Apr-2025 16:08:53 Europe/Berlin] Número de productos obtenidos: 1
[09-Apr-2025 16:08:55 Europe/Berlin] ID de producto: 1
[09-Apr-2025 16:08:55 Europe/Berlin] Producto obtenido con ID: 1
[09-Apr-2025 16:08:59 Europe/Berlin] ID de categoría: 2
[09-Apr-2025 16:08:59 Europe/Berlin] Número de productos obtenidos: 1
[09-Apr-2025 16:09:00 Europe/Berlin] ID de producto: 4
[09-Apr-2025 16:09:00 Europe/Berlin] Producto obtenido con ID: 4
[09-Apr-2025 16:09:02 Europe/Berlin] Listando todos los productos
[09-Apr-2025 16:09:02 Europe/Berlin] Número de productos encontrados: 7
[07-May-2025 15:34:19 Europe/Berlin] Listando todos los productos
[07-May-2025 15:34:19 Europe/Berlin] Número de productos encontrados: 7
[07-May-2025 15:34:26 Europe/Berlin] Listando todos los productos
[07-May-2025 15:34:26 Europe/Berlin] Número de productos encontrados: 7
[07-May-2025 15:34:30 Europe/Berlin] ID de producto: 4
[07-May-2025 15:34:30 Europe/Berlin] Producto obtenido con ID: 4
[07-May-2025 15:40:27 Europe/Berlin] ID de categoría: 1
[07-May-2025 15:40:27 Europe/Berlin] Número de productos obtenidos: 1
[07-May-2025 15:40:30 Europe/Berlin] ID de producto: 1
[07-May-2025 15:40:30 Europe/Berlin] Producto obtenido con ID: 1
[07-May-2025 15:40:32 Europe/Berlin] Añadiendo producto al carrito: ID=1, Nombre=Morgan 2, Precio=59.99, Cantidad=1
[07-May-2025 15:40:32 Europe/Berlin] Nuevo producto añadido al carrito
[07-May-2025 15:40:56 Europe/Berlin] ID de categoría: 2
[07-May-2025 15:40:56 Europe/Berlin] Número de productos obtenidos: 1
[07-May-2025 15:40:57 Europe/Berlin] ID de producto: 4
[07-May-2025 15:40:57 Europe/Berlin] Producto obtenido con ID: 4
[07-May-2025 15:40:58 Europe/Berlin] Añadiendo producto al carrito: ID=4, Nombre=SENSEI masturbador para pene, Precio=50, Cantidad=1
[07-May-2025 15:40:58 Europe/Berlin] Nuevo producto añadido al carrito
[07-May-2025 15:41:33 Europe/Berlin] ID de categoría: 1
[07-May-2025 15:41:33 Europe/Berlin] Número de productos obtenidos: 1
[07-May-2025 15:41:34 Europe/Berlin] ID de producto: 1
[07-May-2025 15:41:34 Europe/Berlin] Producto obtenido con ID: 1
[07-May-2025 15:41:35 Europe/Berlin] Añadiendo producto al carrito: ID=1, Nombre=Morgan 2, Precio=59.99, Cantidad=1
[07-May-2025 15:41:35 Europe/Berlin] Nuevo producto añadido al carrito
[07-May-2025 15:44:34 Europe/Berlin] ID de categoría: 3
[07-May-2025 15:44:34 Europe/Berlin] Número de productos obtenidos: 1
[07-May-2025 15:44:36 Europe/Berlin] ID de producto: 5
[07-May-2025 15:44:36 Europe/Berlin] Producto obtenido con ID: 5
[07-May-2025 15:44:37 Europe/Berlin] Añadiendo producto al carrito: ID=5, Nombre=Juguete sexual para parejas Mobi PlatanoMelón, Precio=70, Cantidad=1
[07-May-2025 15:44:37 Europe/Berlin] Nuevo producto añadido al carrito
[07-May-2025 15:50:39 Europe/Berlin] Listando todos los productos
[07-May-2025 15:50:39 Europe/Berlin] Número de productos encontrados: 7
[07-May-2025 15:50:45 Europe/Berlin] Listando todos los productos
[07-May-2025 15:50:45 Europe/Berlin] Número de productos encontrados: 7
[07-May-2025 17:07:06 Europe/Berlin] ID de categoría: 1
[07-May-2025 17:07:06 Europe/Berlin] Número de productos obtenidos: 1
[07-May-2025 17:07:07 Europe/Berlin] ID de producto: 1
[07-May-2025 17:07:07 Europe/Berlin] Producto obtenido con ID: 1
[07-May-2025 17:07:08 Europe/Berlin] Añadiendo producto al carrito: ID=1, Nombre=Morgan 2, Precio=59.99, Cantidad=1
[07-May-2025 17:07:08 Europe/Berlin] Nuevo producto añadido al carrito
[07-May-2025 18:29:31 Europe/Berlin] ID de categoría: 1
[07-May-2025 18:29:31 Europe/Berlin] Número de productos obtenidos: 1
[07-May-2025 18:29:32 Europe/Berlin] ID de producto: 1
[07-May-2025 18:29:32 Europe/Berlin] Producto obtenido con ID: 1
[07-May-2025 18:29:33 Europe/Berlin] Añadiendo producto al carrito: ID=1, Nombre=Morgan 2, Precio=59.99, Cantidad=1
[07-May-2025 18:29:33 Europe/Berlin] Nuevo producto añadido al carrito
[07-May-2025 18:59:24 Europe/Berlin] ID de categoría: 1
[07-May-2025 18:59:24 Europe/Berlin] Número de productos obtenidos: 1
[07-May-2025 18:59:25 Europe/Berlin] ID de producto: 1
[07-May-2025 18:59:25 Europe/Berlin] Producto obtenido con ID: 1
[07-May-2025 18:59:27 Europe/Berlin] Añadiendo producto al carrito: ID=1, Nombre=Morgan 2, Precio=59.99, Cantidad=1
[07-May-2025 18:59:27 Europe/Berlin] Nuevo producto añadido al carrito
[07-May-2025 19:01:43 Europe/Berlin] ID de categoría: 1
[07-May-2025 19:01:43 Europe/Berlin] Número de productos obtenidos: 1
[07-May-2025 19:01:44 Europe/Berlin] ID de producto: 1
[07-May-2025 19:01:44 Europe/Berlin] Producto obtenido con ID: 1
[07-May-2025 19:01:45 Europe/Berlin] Añadiendo producto al carrito: ID=1, Nombre=Morgan 2, Precio=59.99, Cantidad=1
[07-May-2025 19:01:45 Europe/Berlin] Nuevo producto añadido al carrito
[07-May-2025 19:02:15 Europe/Berlin] ID de categoría: 1
[07-May-2025 19:02:15 Europe/Berlin] Número de productos obtenidos: 1
[07-May-2025 19:02:22 Europe/Berlin] ID de categoría: 1
[07-May-2025 19:02:22 Europe/Berlin] Número de productos obtenidos: 1
[07-May-2025 19:02:23 Europe/Berlin] ID de producto: 1
[07-May-2025 19:02:23 Europe/Berlin] Producto obtenido con ID: 1
[07-May-2025 19:02:24 Europe/Berlin] Añadiendo producto al carrito: ID=1, Nombre=Morgan 2, Precio=59.99, Cantidad=1
[07-May-2025 19:02:24 Europe/Berlin] Nuevo producto añadido al carrito
[07-May-2025 19:07:39 Europe/Berlin] ID de categoría: 1
[07-May-2025 19:07:39 Europe/Berlin] Número de productos obtenidos: 1
[07-May-2025 19:07:40 Europe/Berlin] ID de producto: 1
[07-May-2025 19:07:40 Europe/Berlin] Producto obtenido con ID: 1
[07-May-2025 19:07:41 Europe/Berlin] Añadiendo producto al carrito: ID=1, Nombre=Morgan 2, Precio=59.99, Cantidad=1
[07-May-2025 19:07:41 Europe/Berlin] Nuevo producto añadido al carrito
[07-May-2025 19:13:33 Europe/Berlin] ID de categoría: 1
[07-May-2025 19:13:33 Europe/Berlin] Número de productos obtenidos: 1
[07-May-2025 19:16:57 Europe/Berlin] ID de categoría: 1
[07-May-2025 19:16:57 Europe/Berlin] Número de productos obtenidos: 1
[07-May-2025 19:17:05 Europe/Berlin] ID de categoría: 1
[07-May-2025 19:17:05 Europe/Berlin] Número de productos obtenidos: 1
[07-May-2025 19:17:15 Europe/Berlin] ID de categoría: 1
[07-May-2025 19:17:15 Europe/Berlin] Número de productos obtenidos: 1
[07-May-2025 19:17:17 Europe/Berlin] ID de producto: 1
[07-May-2025 19:17:17 Europe/Berlin] Producto obtenido con ID: 1
[07-May-2025 19:18:12 Europe/Berlin] ID de categoría: 1
[07-May-2025 19:18:12 Europe/Berlin] Número de productos obtenidos: 1
[07-May-2025 19:22:49 Europe/Berlin] ID de categoría: 1
[07-May-2025 19:22:49 Europe/Berlin] Número de productos obtenidos: 1
[07-May-2025 19:22:52 Europe/Berlin] ID de producto: 1
[07-May-2025 19:22:52 Europe/Berlin] Producto obtenido con ID: 1
[07-May-2025 19:23:24 Europe/Berlin] ID de categoría: 1
[07-May-2025 19:23:24 Europe/Berlin] Número de productos obtenidos: 1
[07-May-2025 19:23:32 Europe/Berlin] ID de categoría: 2
[07-May-2025 19:23:32 Europe/Berlin] Número de productos obtenidos: 1
[07-May-2025 19:23:41 Europe/Berlin] ID de categoría: 3
[07-May-2025 19:23:41 Europe/Berlin] Número de productos obtenidos: 1
[07-May-2025 19:23:44 Europe/Berlin] ID de categoría: 2
[07-May-2025 19:23:44 Europe/Berlin] Número de productos obtenidos: 1
[07-May-2025 19:23:45 Europe/Berlin] ID de producto: 4
[07-May-2025 19:23:45 Europe/Berlin] Producto obtenido con ID: 4
[07-May-2025 19:24:03 Europe/Berlin] ID de categoría: 4
[07-May-2025 19:24:03 Europe/Berlin] Número de productos obtenidos: 1
[07-May-2025 19:24:06 Europe/Berlin] ID de producto: 6
[07-May-2025 19:24:06 Europe/Berlin] Producto obtenido con ID: 6
[07-May-2025 19:24:10 Europe/Berlin] Añadiendo producto al carrito: ID=6, Nombre=PLAY EFECTO CALOR Y FRIO lubricante íntimo, Precio=10, Cantidad=6
[07-May-2025 19:24:10 Europe/Berlin] Nuevo producto añadido al carrito
[07-May-2025 19:24:22 Europe/Berlin] ID de categoría: 2
[07-May-2025 19:24:22 Europe/Berlin] Número de productos obtenidos: 1
[07-May-2025 19:24:26 Europe/Berlin] ID de categoría: 2
[07-May-2025 19:24:26 Europe/Berlin] Número de productos obtenidos: 1
[07-May-2025 19:24:30 Europe/Berlin] ID de categoría: 7
[07-May-2025 19:24:30 Europe/Berlin] Número de productos obtenidos: 1
[07-May-2025 19:24:34 Europe/Berlin] ID de categoría: 6
[07-May-2025 19:24:34 Europe/Berlin] Número de productos obtenidos: 1
[07-May-2025 19:24:41 Europe/Berlin] ID de producto: 8
[07-May-2025 19:24:41 Europe/Berlin] Producto obtenido con ID: 8
[07-May-2025 19:24:48 Europe/Berlin] ID de categoría: 5
[07-May-2025 19:24:48 Europe/Berlin] Número de productos obtenidos: 1
[07-May-2025 19:24:52 Europe/Berlin] ID de producto: 7
[07-May-2025 19:24:52 Europe/Berlin] Producto obtenido con ID: 7
[07-May-2025 19:25:15 Europe/Berlin] ID de categoría: 1
[07-May-2025 19:25:15 Europe/Berlin] Número de productos obtenidos: 1
